<?xml version="1.0" encoding="UTF-8"?>
<!-- Generated by org.testng.reporters.JUnitReportReporter -->
<testsuite hostname="CUTEANGEL" name="com.vtiger.Testpom.TestCreateInvoice" tests="1" failures="0" timestamp="13 Nov 2019 08:59:10 GMT" time="64.965" errors="0">
  <testcase name="testcase6" time="64.965" classname="com.vtiger.Testpom.TestCreateInvoice"/>
</testsuite> <!-- com.vtiger.Testpom.TestCreateInvoice -->
